[2015-11-07 21:00:11] START
[2015-11-07 21:14:14] EDIT iLife/views/default/index.html: 1
[2015-11-07 21:21:17] EDIT iLife/views/default/index.html: -1
[2015-11-07 21:21:39] EDIT iLife/views/default/index.html: 3
[2015-11-07 21:27:47] EDIT iLife/controllers/default.py: 0
[2015-11-07 22:11:29] CREATE test.py: 0
[2015-11-07 22:11:54] EDIT iLife/models/test.py: 2
[2015-11-07 22:14:25] DELETE iLife/models/test.py: -2
[2015-11-07 22:14:33] CREATE test.py: 0
[2015-11-07 22:14:55] EDIT iLife/controllers/test.py: 1
[2015-11-07 22:16:59] EDIT iLife/controllers/test.py: 2
[2015-11-10 15:55:52] EDIT iLife/controllers/default.py: -2
[2015-11-10 15:58:35] EDIT iLife/views/default/index.html: 2
[2015-11-10 15:59:05] EDIT iLife/controllers/default.py: -1
[2015-11-10 15:59:44] EDIT iLife/views/default/index.html: 0
[2015-11-10 16:00:24] EDIT iLife/views/default/index.html: 0
[2015-11-10 16:01:38] EDIT iLife/controllers/default.py: 1
[2015-11-10 16:02:01] EDIT iLife/controllers/default.py: 0
[2015-11-10 16:02:27] EDIT iLife/controllers/default.py: 0
[2015-11-10 16:15:14] EDIT iLife/views/default/index.html: -52
[2015-11-10 16:19:01] EDIT iLife/controllers/default.py: 6
[2015-11-10 16:20:37] EDIT iLife/controllers/default.py: 1
[2015-11-10 16:22:11] EDIT iLife/controllers/default.py: 0
[2015-11-10 16:23:29] EDIT iLife/controllers/default.py: 0
[2015-11-10 16:24:03] EDIT iLife/views/default/index.html: 0
[2015-11-10 16:27:48] EDIT iLife/views/default/index.html: -1
[2015-11-10 16:28:01] EDIT iLife/views/default/index.html: 1
[2015-11-10 16:28:26] EDIT iLife/controllers/default.py: 0
[2015-11-10 16:30:55] EDIT iLife/controllers/default.py: 0
[2015-11-10 16:33:30] EDIT iLife/controllers/default.py: 0
[2015-11-10 16:34:02] EDIT iLife/controllers/default.py: 0
[2015-11-10 16:34:07] EDIT iLife/controllers/default.py: 0
[2015-11-10 16:35:25] EDIT iLife/views/default/index.html: 15
[2015-11-10 16:37:19] EDIT iLife/controllers/default.py: 0
[2015-11-10 16:37:39] EDIT iLife/controllers/default.py: -1
[2015-11-10 17:13:21] EDIT iLife/views/default/index.html: 0
[2015-11-10 17:18:49] EDIT iLife/views/default/index.html: -1
[2015-11-10 17:19:06] EDIT iLife/views/default/index.html: -1
[2015-11-10 17:19:15] EDIT iLife/views/default/index.html: 2
[2015-11-10 20:05:36] CREATE iLife.db.py: 0
[2015-11-10 20:07:55] EDIT iLife/models/iLife.db.py: 1
[2015-11-10 20:10:44] EDIT iLife/controllers/default.py: -1
[2015-11-10 20:16:09] EDIT iLife/models/iLife.db.py: 1
[2015-11-10 20:17:30] DELETE iLife/models/iLife.db.py: -2
[2015-11-10 20:17:39] CREATE iLife.py: 0
[2015-11-10 20:17:47] EDIT iLife/models/iLife.py: 2
[2015-11-10 20:22:51] EDIT iLife/views/default/index.html: -5
[2015-11-10 20:23:09] EDIT iLife/views/default/index.html: 2
[2015-11-10 20:23:22] EDIT iLife/views/default/index.html: -3
[2015-11-10 20:23:31] EDIT iLife/views/default/index.html: 1
[2015-11-10 20:25:33] EDIT iLife/views/default/index.html: 2
[2015-11-10 20:27:50] EDIT iLife/views/default/index.html: 2
[2015-11-10 20:28:54] EDIT iLife/views/default/index.html: 0
[2015-11-10 20:30:19] EDIT iLife/controllers/default.py: 0
[2015-11-10 20:30:59] EDIT iLife/controllers/default.py: 0
[2015-11-10 20:32:06] EDIT iLife/controllers/default.py: 1
[2015-11-10 20:32:57] EDIT iLife/views/default/index.html: 3
[2015-11-10 20:33:45] EDIT iLife/views/default/index.html: 0
[2015-11-10 20:38:39] EDIT iLife/views/default/index.html: 10
[2015-11-10 20:40:54] EDIT iLife/views/default/index.html: 2
[2015-11-10 20:41:05] EDIT iLife/views/default/index.html: 0
[2015-11-10 20:41:16] EDIT iLife/views/default/index.html: 1
[2015-11-10 20:42:14] EDIT iLife/views/default/index.html: 0
[2015-11-10 20:43:12] EDIT iLife/views/default/index.html: 4
[2015-11-10 20:43:53] EDIT iLife/views/default/index.html: 0
[2015-11-10 20:44:19] EDIT iLife/views/default/index.html: 0
[2015-11-10 20:44:45] EDIT iLife/views/default/index.html: 0
[2015-11-10 20:45:01] EDIT iLife/views/default/index.html: 0
[2015-11-10 20:45:21] EDIT iLife/views/default/index.html: -10
[2015-11-10 20:48:15] EDIT iLife/views/default/index.html: -2
[2015-11-10 21:18:23] EDIT iLife/models/menu.py: -92
[2015-11-10 21:18:53] EDIT iLife/models/menu.py: 0
[2015-11-10 21:37:41] EDIT iLife/controllers/default.py: 1
[2015-11-10 21:37:50] EDIT iLife/controllers/default.py: 0
[2015-11-10 21:38:08] EDIT iLife/controllers/default.py: 1
[2015-11-10 21:47:19] EDIT iLife/controllers/default.py: 0
[2015-11-10 21:47:43] EDIT iLife/models/menu.py: 0
[2015-11-10 21:49:13] CREATE default/createJournal.html: 0
[2015-11-10 21:49:36] EDIT iLife/views/default/createJournal.html: 21
[2015-11-10 21:49:43] EDIT iLife/views/default/index.html: -23
[2015-11-10 21:51:31] EDIT iLife/controllers/default.py: 3
[2015-11-10 21:51:35] EDIT iLife/controllers/default.py: 0
[2015-11-10 21:51:56] CREATE default/search.html: 0
[2015-11-10 21:52:10] EDIT iLife/views/default/search.html: -1
[2015-11-10 21:52:55] EDIT iLife/models/menu.py: 0
[2015-11-10 21:53:42] EDIT iLife/controllers/default.py: 0
[2015-11-10 21:55:43] EDIT iLife/controllers/default.py: 1
[2015-11-10 21:58:14] EDIT iLife/views/default/index.html: 5
[2015-11-10 21:58:21] EDIT iLife/views/default/index.html: 0
[2015-11-10 21:58:30] EDIT iLife/views/default/index.html: 1
[2015-11-10 21:59:19] EDIT iLife/views/default/index.html: 0
[2015-11-10 21:59:36] EDIT iLife/views/default/index.html: 0
[2015-11-10 22:00:45] EDIT iLife/views/default/index.html: 0
[2015-11-10 22:01:06] EDIT iLife/views/default/index.html: 1
[2015-11-10 22:02:58] EDIT iLife/views/default/index.html: 0
[2015-11-10 22:03:10] EDIT iLife/views/default/index.html: -1
[2015-11-10 22:08:24] EDIT iLife/views/default/index.html: 0
[2015-11-10 22:08:32] EDIT iLife/views/default/index.html: 0
[2015-11-10 22:08:40] EDIT iLife/views/default/index.html: 0
[2015-11-10 22:08:52] EDIT iLife/views/default/index.html: 0
[2015-11-10 22:09:34] EDIT iLife/views/default/index.html: 0
[2015-11-10 22:09:46] EDIT iLife/views/default/index.html: 0
[2015-11-10 22:10:42] EDIT iLife/views/default/index.html: 0
[2015-11-10 22:15:18] EDIT iLife/views/default/index.html: 2
[2015-11-10 22:15:38] EDIT iLife/views/default/index.html: 0
[2015-11-10 22:15:39] EDIT iLife/views/default/index.html: 0
[2015-11-10 22:15:51] EDIT iLife/views/default/index.html: -2
[2015-11-10 22:16:25] EDIT iLife/views/default/index.html: 0
[2015-11-10 22:16:47] EDIT iLife/views/default/index.html: 0
[2015-11-10 22:18:11] EDIT iLife/views/default/index.html: 0
[2015-11-10 22:18:36] EDIT iLife/views/default/index.html: 1
[2015-11-10 22:18:59] EDIT iLife/views/default/index.html: -1
[2015-11-10 22:19:06] EDIT iLife/views/default/index.html: 0
[2015-11-10 22:19:16] EDIT iLife/views/default/index.html: 0
[2015-11-10 22:19:21] EDIT iLife/views/default/index.html: 0
[2015-11-10 22:21:09] EDIT iLife/views/default/index.html: 2
[2015-11-10 22:22:00] EDIT iLife/views/default/index.html: 0
[2015-11-10 22:22:18] EDIT iLife/views/default/index.html: 0
[2015-11-10 22:22:52] EDIT iLife/views/default/index.html: 0
[2015-11-10 22:24:21] EDIT iLife/views/default/index.html: 0
[2015-11-11 07:55:08] EDIT iLife/views/default/index.html: 0
[2015-11-11 07:56:14] EDIT iLife/views/default/index.html: 0
[2015-11-11 07:56:24] EDIT iLife/views/default/index.html: 0
[2015-11-11 07:58:30] EDIT iLife/controllers/default.py: 3
[2015-11-11 07:59:50] EDIT iLife/controllers/default.py: 1
[2015-11-11 08:00:11] EDIT iLife/views/default/index.html: 1
[2015-11-11 08:00:38] EDIT iLife/controllers/default.py: 0
[2015-11-11 08:01:43] EDIT iLife/controllers/default.py: 1
[2015-11-11 08:02:09] EDIT iLife/views/default/index.html: 0
[2015-11-11 08:02:24] EDIT iLife/views/default/index.html: 0
[2015-11-11 08:02:46] EDIT iLife/views/default/index.html: 0
[2015-11-11 08:12:12] EDIT iLife/controllers/default.py: 2
[2015-11-11 08:12:25] EDIT iLife/controllers/default.py: 0
[2015-11-11 08:14:09] EDIT iLife/controllers/default.py: 1
[2015-11-11 08:15:14] EDIT iLife/controllers/default.py: 0
[2015-11-11 08:15:24] EDIT iLife/controllers/default.py: 1
[2015-11-11 08:16:43] EDIT iLife/views/default/index.html: 0
[2015-11-11 08:16:59] EDIT iLife/views/default/index.html: 0
[2015-11-11 08:20:54] CREATE default/displayJournal.html: 0
[2015-11-11 08:21:26] EDIT iLife/views/default/displayJournal.html: -1
[2015-11-11 08:21:47] EDIT iLife/views/default/displayJournal.html: 0
[2015-11-11 08:22:39] EDIT iLife/views/default/displayJournal.html: 0
[2015-11-11 08:22:48] EDIT iLife/views/default/displayJournal.html: 0
[2015-11-11 08:23:44] EDIT iLife/controllers/default.py: 1
[2015-11-11 08:24:25] EDIT iLife/views/default/displayJournal.html: 0
[2015-11-11 08:24:44] EDIT iLife/views/default/displayJournal.html: 0
[2015-11-11 08:34:48] EDIT iLife/views/default/displayJournal.html: 0
[2015-11-11 08:45:08] EDIT iLife/views/default/displayJournal.html: 0
[2015-11-11 08:45:19] EDIT iLife/views/default/displayJournal.html: 0
[2015-11-11 08:49:52] EDIT iLife/controllers/default.py: 0
[2015-11-11 08:50:09] EDIT iLife/views/default/displayJournal.html: 0
[2015-11-11 08:59:28] EDIT iLife/views/default/displayJournal.html: 0
[2015-11-11 18:08:59] EDIT iLife/models/iLife.py: 0
[2015-11-11 18:14:39] EDIT iLife/models/iLife.py: 0
[2015-11-11 18:16:36] EDIT iLife/controllers/default.py: 2
[2015-11-11 18:17:28] EDIT iLife/controllers/default.py: -1
[2015-11-11 18:18:01] EDIT iLife/controllers/default.py: 4
[2015-11-11 18:24:00] EDIT iLife/controllers/default.py: 1
[2015-11-11 18:24:35] EDIT iLife/controllers/default.py: 0
[2015-11-11 18:24:38] EDIT iLife/controllers/default.py: 0
[2015-11-11 18:25:02] EDIT iLife/controllers/default.py: 0
[2015-11-11 20:24:34] UPLOAD /home/manohar/web2py/applications/iLife/static/Workbg.gif: 4318
[2015-11-11 20:25:15] CREATE images/Workbg.gif: 0
[2015-11-11 20:25:49] UPLOAD /home/manohar/web2py/applications/iLife/static/images/Workbg.gif: 4318
[2015-11-11 20:29:30] EDIT iLife/views/default/user.html: 2
[2015-11-11 20:31:21] EDIT iLife/views/default/user.html: 0
[2015-11-11 20:31:34] EDIT iLife/views/default/user.html: 0
[2015-11-11 20:33:21] EDIT iLife/views/default/user.html: 1
[2015-11-11 20:34:08] EDIT iLife/views/default/user.html: -2
[2015-11-11 20:35:05] EDIT iLife/views/default/user.html: 2
[2015-11-11 20:35:20] EDIT iLife/views/default/user.html: 0
[2015-11-11 20:36:50] EDIT iLife/views/default/user.html: 0
[2015-11-11 20:37:07] EDIT iLife/views/default/user.html: 0
[2015-11-11 20:37:27] EDIT iLife/views/default/user.html: -1
[2015-11-11 20:37:47] EDIT iLife/views/default/user.html: -2
[2015-11-11 20:39:03] EDIT iLife/views/default/user.html: 0
[2015-11-11 20:39:10] EDIT iLife/views/default/user.html: 0
[2015-11-11 20:40:10] EDIT iLife/views/default/user.html: 3
[2015-11-11 20:40:19] EDIT iLife/views/default/user.html: 0
[2015-11-11 20:40:29] EDIT iLife/views/default/user.html: 0
[2015-11-11 20:40:49] EDIT iLife/views/default/user.html: 0
[2015-11-11 20:40:57] EDIT iLife/views/default/user.html: 0
[2015-11-11 20:41:18] EDIT iLife/views/default/user.html: 0
[2015-11-11 20:41:28] EDIT iLife/views/default/user.html: 0
[2015-11-11 22:00:46] EDIT iLife/views/default/user.html: -3
[2015-11-11 22:00:55] EDIT iLife/views/default/user.html: 3
[2015-11-11 22:03:43] EDIT iLife/controllers/default.py: 0
[2015-11-11 22:06:58] UPLOAD /home/manohar/web2py/applications/iLife/static/css/main.css: 27
[2015-11-11 22:07:56] EDIT iLife/static/css/main.css: 0
[2015-11-11 22:08:31] EDIT iLife/views/layout.html: 1
[2015-11-11 22:09:01] EDIT iLife/views/default/index.html: 0
[2015-11-11 22:09:41] EDIT iLife/static/css/main.css: 0
[2015-11-11 22:09:53] EDIT iLife/views/default/index.html: 0
[2015-11-11 22:10:07] EDIT iLife/static/css/main.css: 0
[2015-11-11 22:10:21] EDIT iLife/static/css/main.css: -1
[2015-11-11 22:10:43] EDIT iLife/static/css/main.css: 2
[2015-11-11 22:10:54] EDIT iLife/static/css/main.css: 0
[2015-11-11 22:14:33] EDIT iLife/static/css/main.css: 0
[2015-11-11 22:14:43] EDIT iLife/static/css/main.css: 0
[2015-11-11 22:14:49] EDIT iLife/static/css/main.css: 0
[2015-11-11 22:15:43] EDIT iLife/static/css/main.css: 0
[2015-11-11 22:15:53] EDIT iLife/static/css/main.css: 0
[2015-11-11 22:16:08] EDIT iLife/static/css/main.css: 0
[2015-11-11 22:16:20] EDIT iLife/static/css/main.css: 0
[2015-11-11 22:16:36] EDIT iLife/static/css/main.css: 0
[2015-11-11 22:16:47] EDIT iLife/static/css/main.css: 0
[2015-11-11 22:17:29] EDIT iLife/static/css/main.css: 1
[2015-11-11 22:18:27] EDIT iLife/static/css/main.css: 0
[2015-11-11 22:20:22] EDIT iLife/static/css/main.css: 0
[2015-11-11 22:26:44] EDIT iLife/static/css/main.css: 3
[2015-11-11 22:26:51] EDIT iLife/static/css/main.css: 0
[2015-11-11 22:27:05] EDIT iLife/static/css/main.css: -3
[2015-11-11 22:28:37] EDIT iLife/static/css/main.css: -1
[2015-11-12 07:51:02] EDIT iLife/static/css/main.css: 5
[2015-11-12 07:51:33] EDIT iLife/static/css/main.css: 0
[2015-11-12 07:52:00] EDIT iLife/static/css/main.css: 1
[2015-11-12 08:15:45] EDIT iLife/controllers/default.py: 0
[2015-11-12 08:16:17] EDIT iLife/controllers/default.py: 0
[2015-11-12 08:16:51] EDIT iLife/controllers/default.py: 0
[2015-11-12 08:21:05] EDIT iLife/controllers/default.py: 0
[2015-11-12 08:21:23] EDIT iLife/controllers/default.py: 0
[2015-11-12 08:21:55] EDIT iLife/controllers/default.py: 0
[2015-11-12 08:22:08] EDIT iLife/views/default/index.html: 1
[2015-11-12 08:22:22] EDIT iLife/views/default/index.html: 0
[2015-11-12 08:23:06] EDIT iLife/views/default/index.html: 0
[2015-11-12 08:23:22] EDIT iLife/views/default/index.html: 0
[2015-11-12 08:23:32] EDIT iLife/views/default/index.html: 0
[2015-11-12 08:23:43] EDIT iLife/views/default/index.html: 0
[2015-11-12 08:23:57] EDIT iLife/views/default/index.html: 0
[2015-11-12 08:28:47] EDIT iLife/views/default/index.html: 0
[2015-11-12 08:29:27] EDIT iLife/views/default/index.html: 0
[2015-11-12 08:29:42] EDIT iLife/views/default/index.html: 0
[2015-11-12 08:30:23] EDIT iLife/views/default/index.html: 0
[2015-11-12 08:30:38] EDIT iLife/views/default/index.html: 0
[2015-11-12 08:30:58] EDIT iLife/views/default/index.html: 0
[2015-11-12 08:31:14] EDIT iLife/views/default/index.html: 0
[2015-11-12 08:31:30] EDIT iLife/views/default/index.html: -1
[2015-11-12 08:31:40] EDIT iLife/controllers/default.py: 0
[2015-11-12 08:32:52] EDIT iLife/controllers/default.py: 0
[2015-11-12 08:34:38] EDIT iLife/controllers/default.py: 1
[2015-11-12 14:20:55] EDIT iLife/views/default/createJournal.html: -22
[2015-11-12 14:58:48] EDIT iLife/models/iLife.py: 0
[2015-11-12 14:59:14] EDIT iLife/models/iLife.py: 0
[2015-11-12 16:00:28] CREATE sendMail.py: 0
[2015-11-12 16:01:36] EDIT iLife/private/sendMail.py: 12
[2015-11-12 16:15:35] EDIT iLife/private/sendMail.py: 1
[2015-11-12 16:20:38] EDIT iLife/models/iLife.py: 0
[2015-11-12 16:20:59] EDIT iLife/models/iLife.py: 0
[2015-11-12 16:22:44] EDIT iLife/models/iLife.py: 0
[2015-11-12 16:24:15] EDIT iLife/private/sendMail.py: 0
[2015-11-12 16:24:29] EDIT iLife/models/iLife.py: 0
[2015-11-12 17:16:03] EDIT iLife/controllers/default.py: 6
[2015-11-12 17:16:35] EDIT iLife/controllers/default.py: -6
[2015-11-12 17:18:38] EDIT iLife/private/sendMail.py: 5
[2015-11-12 17:39:42] EDIT iLife/private/sendMail.py: 0
[2015-11-12 17:40:14] EDIT iLife/private/sendMail.py: 0
[2015-11-12 17:40:25] EDIT iLife/private/sendMail.py: 0
[2015-11-12 17:40:27] EDIT iLife/private/sendMail.py: 0
[2015-11-12 17:41:24] EDIT iLife/private/sendMail.py: 2
[2015-11-12 17:51:19] EDIT iLife/private/sendMail.py: 1
[2015-11-12 18:28:42] EDIT iLife/private/sendMail.py: 1
[2015-11-12 18:29:01] EDIT iLife/private/sendMail.py: 1
[2015-11-12 18:30:03] EDIT iLife/private/sendMail.py: 2
[2015-11-12 18:30:14] EDIT iLife/private/sendMail.py: 0
[2015-11-12 18:31:46] EDIT iLife/private/sendMail.py: 0
[2015-11-12 18:31:53] EDIT iLife/private/sendMail.py: 0
[2015-11-12 18:32:06] EDIT iLife/private/sendMail.py: 0
[2015-11-12 18:40:56] EDIT iLife/private/sendMail.py: 0
[2015-11-12 18:48:21] EDIT iLife/private/sendMail.py: 0
[2015-11-12 18:57:14] EDIT iLife/private/sendMail.py: 0
[2015-11-12 19:06:09] EDIT iLife/private/sendMail.py: 1
[2015-11-13 07:49:31] EDIT iLife/controllers/default.py: 0
[2015-11-13 07:52:51] EDIT iLife/controllers/default.py: 1
[2015-11-13 10:29:04] EDIT iLife/controllers/default.py: -1
[2015-11-13 10:42:21] EDIT iLife/views/default/displayJournal.html: 11
[2015-11-13 10:44:00] EDIT iLife/views/default/displayJournal.html: 0
[2015-11-13 10:44:55] EDIT iLife/views/default/displayJournal.html: 0
[2015-11-13 10:46:07] EDIT iLife/views/default/displayJournal.html: 0
[2015-11-13 10:46:18] EDIT iLife/views/default/displayJournal.html: 0
[2015-11-13 10:50:13] EDIT iLife/views/default/displayJournal.html: 0
[2015-11-13 10:51:23] EDIT iLife/views/default/displayJournal.html: 0
[2015-11-13 10:51:51] EDIT iLife/views/default/displayJournal.html: 0
[2015-11-13 10:52:06] EDIT iLife/views/default/displayJournal.html: 0
[2015-11-13 10:52:21] EDIT iLife/views/default/displayJournal.html: 0
[2015-11-13 10:52:42] EDIT iLife/views/default/displayJournal.html: 0
[2015-11-13 10:53:28] EDIT iLife/views/default/displayJournal.html: 0
[2015-11-13 10:58:03] EDIT iLife/views/default/displayJournal.html: 0
[2015-11-13 11:00:58] EDIT iLife/views/default/displayJournal.html: 0
[2015-11-13 11:04:16] EDIT iLife/views/default/displayJournal.html: 0
[2015-11-13 11:04:54] EDIT iLife/views/default/displayJournal.html: 0
[2015-11-13 11:05:08] EDIT iLife/views/default/displayJournal.html: 0
[2015-11-13 11:09:45] EDIT iLife/views/default/displayJournal.html: 0
[2015-11-13 11:09:54] EDIT iLife/views/default/displayJournal.html: 0
[2015-11-13 11:10:31] EDIT iLife/views/default/displayJournal.html: 0
[2015-11-13 11:10:48] EDIT iLife/views/default/displayJournal.html: 0
[2015-11-13 11:16:37] EDIT iLife/views/default/displayJournal.html: 0
[2015-11-13 11:16:56] EDIT iLife/views/default/displayJournal.html: 0
[2015-11-13 12:11:21] EDIT iLife/views/default/displayJournal.html: 0
[2015-11-13 12:13:52] EDIT iLife/views/default/displayJournal.html: 4
[2015-11-13 12:15:19] EDIT iLife/views/default/displayJournal.html: 0
[2015-11-13 12:15:28] EDIT iLife/views/default/displayJournal.html: 0
[2015-11-13 12:17:52] EDIT iLife/views/default/displayJournal.html: 0
[2015-11-13 12:18:09] EDIT iLife/views/default/displayJournal.html: 0
[2015-11-13 12:18:19] EDIT iLife/views/default/displayJournal.html: 0
[2015-11-13 12:19:05] EDIT iLife/views/default/displayJournal.html: 0
[2015-11-13 13:02:44] CREATE images/button_close.png: 0
[2015-11-13 13:03:00] EDIT iLife/views/default/user.html: 0
[2015-11-13 13:03:03] EDIT iLife/views/default/index.html: 0
[2015-11-13 13:03:09] EDIT iLife/views/default/index.html: 0
[2015-11-13 13:03:41] UPLOAD /home/manohar/web2py/applications/iLife/static/images/button_close.png: 7
[2015-11-13 13:05:04] EDIT iLife/views/default/index.html: 1
[2015-11-13 13:06:21] EDIT iLife/views/default/index.html: 4
[2015-11-13 13:06:30] EDIT iLife/views/default/index.html: 0
[2015-11-13 13:06:42] EDIT iLife/views/default/index.html: 0
[2015-11-13 13:06:56] EDIT iLife/views/default/index.html: 0
[2015-11-13 13:07:12] EDIT iLife/views/default/index.html: 0
[2015-11-13 13:07:23] EDIT iLife/views/default/index.html: 0
[2015-11-13 13:08:03] EDIT iLife/views/default/index.html: -1
[2015-11-13 13:08:17] EDIT iLife/views/default/index.html: -3
[2015-11-13 13:08:22] EDIT iLife/views/default/index.html: -1
[2015-11-13 13:10:07] EDIT iLife/views/default/index.html: 1
[2015-11-13 13:10:18] EDIT iLife/views/default/index.html: 0
[2015-11-13 13:10:27] EDIT iLife/views/default/index.html: 0
[2015-11-13 13:10:35] EDIT iLife/views/default/index.html: 0
[2015-11-13 13:10:42] EDIT iLife/views/default/index.html: 0
[2015-11-13 13:10:48] EDIT iLife/views/default/index.html: 0
[2015-11-13 13:10:57] EDIT iLife/views/default/index.html: 0
[2015-11-13 13:12:19] UPLOAD /home/manohar/web2py/applications/iLife/static/images/closebutton.png: 7
[2015-11-13 13:12:57] EDIT iLife/views/default/index.html: 0
[2015-11-13 13:13:35] EDIT iLife/views/default/index.html: 0
[2015-11-13 13:13:46] EDIT iLife/views/default/index.html: 0
[2015-11-13 13:14:00] EDIT iLife/views/default/index.html: 0
[2015-11-13 13:14:37] EDIT iLife/views/default/index.html: 0
[2015-11-13 18:57:57] EDIT iLife/views/default/index.html: -1
[2015-11-13 19:27:23] EDIT iLife/controllers/default.py: 3
[2015-11-13 19:28:47] EDIT iLife/views/default/index.html: -4
[2015-11-13 19:28:56] EDIT iLife/views/default/index.html: 0
[2015-11-13 19:29:21] EDIT iLife/views/default/index.html: 0
[2015-11-13 19:31:23] EDIT iLife/views/default/index.html: -1
[2015-11-13 19:31:56] EDIT iLife/views/default/index.html: 3
[2015-11-13 19:32:41] EDIT iLife/views/default/index.html: 6
[2015-11-13 19:35:04] EDIT iLife/views/default/index.html: 3
[2015-11-13 19:35:44] EDIT iLife/views/default/index.html: 3
[2015-11-13 19:36:00] EDIT iLife/views/default/index.html: 1
[2015-11-13 20:01:19] EDIT iLife/views/default/index.html: 2
[2015-11-13 20:01:44] EDIT iLife/views/default/index.html: 2
[2015-11-13 20:02:02] EDIT iLife/views/default/index.html: 2
[2015-11-13 20:02:29] EDIT iLife/views/default/index.html: 1
[2015-11-13 20:06:57] EDIT iLife/views/default/index.html: 0
[2015-11-13 20:07:32] EDIT iLife/views/default/index.html: 0
[2015-11-13 20:08:18] EDIT iLife/controllers/default.py: 0
[2015-11-13 20:09:36] EDIT iLife/views/default/index.html: 0
[2015-11-13 20:10:17] EDIT iLife/views/default/index.html: 0
[2015-11-13 20:13:34] EDIT iLife/views/default/index.html: 0
[2015-11-13 20:15:40] EDIT iLife/views/default/displayJournal.html: -16
[2015-11-13 20:16:33] EDIT iLife/controllers/default.py: 2
[2015-11-13 20:16:56] CREATE default/monthSelect.html: 0
[2015-11-13 20:17:07] EDIT iLife/views/default/monthSelect.html: 3
[2015-11-13 20:17:52] EDIT iLife/views/default/index.html: 0
[2015-11-13 20:20:25] EDIT iLife/views/default/monthSelect.html: 55
[2015-11-13 20:25:04] EDIT iLife/controllers/default.py: 1
[2015-11-13 20:28:10] EDIT iLife/controllers/default.py: 1
[2015-11-13 20:28:20] EDIT iLife/controllers/default.py: 0
[2015-11-13 20:29:02] EDIT iLife/controllers/default.py: 1
[2015-11-13 20:29:25] EDIT iLife/controllers/default.py: 0
[2015-11-13 20:44:18] EDIT iLife/views/default/index.html: 0
[2015-11-13 20:51:20] EDIT iLife/views/default/monthSelect.html: 0
[2015-11-13 20:52:47] EDIT iLife/views/default/monthSelect.html: 0
[2015-11-13 20:54:51] EDIT iLife/controllers/default.py: 1
[2015-11-13 20:55:02] EDIT iLife/controllers/default.py: 0
[2015-11-13 20:56:48] EDIT iLife/controllers/default.py: 0
[2015-11-13 20:58:04] EDIT iLife/controllers/default.py: 0
[2015-11-13 20:58:36] EDIT iLife/controllers/default.py: 0
[2015-11-13 21:04:04] EDIT iLife/controllers/default.py: 0
[2015-11-13 21:06:33] EDIT iLife/controllers/default.py: 0
[2015-11-13 21:07:09] EDIT iLife/controllers/default.py: 0
[2015-11-13 21:07:39] EDIT iLife/controllers/default.py: 0
[2015-11-13 21:07:45] EDIT iLife/controllers/default.py: 0
[2015-11-13 21:09:11] EDIT iLife/controllers/default.py: 0
[2015-11-13 21:09:34] EDIT iLife/views/default/displayJournal.html: 19
[2015-11-13 21:09:51] EDIT iLife/views/default/displayJournal.html: -3
[2015-11-13 21:10:11] EDIT iLife/controllers/default.py: 0
[2015-11-13 21:13:11] EDIT iLife/controllers/default.py: 1
[2015-11-13 21:13:42] EDIT iLife/views/default/displayJournal.html: 1
[2015-11-13 21:15:28] EDIT iLife/controllers/default.py: 0
[2015-11-13 21:15:59] EDIT iLife/controllers/default.py: 0
[2015-11-13 21:31:00] EDIT iLife/controllers/default.py: 0
[2015-11-13 21:31:16] EDIT iLife/views/default/displayJournal.html: -1
[2015-11-13 21:32:49] EDIT iLife/views/default/displayJournal.html: 2
[2015-11-13 21:33:08] EDIT iLife/views/default/displayJournal.html: 0
[2015-11-13 21:34:09] EDIT iLife/controllers/default.py: 0
[2015-11-13 21:37:08] EDIT iLife/views/default/displayJournal.html: -13
[2015-11-13 21:49:46] EDIT iLife/views/default/displayJournal.html: -5
[2015-11-13 21:50:42] EDIT iLife/views/default/displayJournal.html: 5
[2015-11-13 21:52:40] EDIT iLife/controllers/default.py: 0
[2015-11-13 22:00:51] EDIT iLife/controllers/default.py: 3
[2015-11-13 22:01:02] EDIT iLife/views/default/displayJournal.html: -4
[2015-11-13 22:01:52] EDIT iLife/views/default/displayJournal.html: 3
[2015-11-13 22:01:59] EDIT iLife/views/default/displayJournal.html: 1
[2015-11-13 22:02:30] EDIT iLife/views/default/displayJournal.html: 0
[2015-11-13 22:02:55] EDIT iLife/views/default/displayJournal.html: 0
[2015-11-13 22:04:37] EDIT iLife/views/default/displayJournal.html: 2
[2015-11-14 08:40:09] EDIT iLife/controllers/default.py: 4
[2015-11-14 08:40:38] CREATE default/getDetails.html: 0
[2015-11-14 08:41:00] EDIT iLife/views/default/getDetails.html: 1
[2015-11-14 08:42:03] EDIT iLife/views/default/displayJournal.html: 0
[2015-11-14 08:42:06] EDIT iLife/views/default/displayJournal.html: 0
[2015-11-14 08:42:47] EDIT iLife/views/default/displayJournal.html: 0
[2015-11-14 08:43:18] EDIT iLife/views/default/getDetails.html: 0
[2015-11-14 08:44:02] EDIT iLife/views/default/displayJournal.html: 0
[2015-11-14 08:46:03] EDIT iLife/views/default/displayJournal.html: 0
[2015-11-14 08:47:38] EDIT iLife/views/default/getDetails.html: 10
[2015-11-14 08:48:03] EDIT iLife/views/default/getDetails.html: 3
[2015-11-14 08:48:25] EDIT iLife/views/default/getDetails.html: 0
[2015-11-14 08:48:26] EDIT iLife/views/default/getDetails.html: 0
[2015-11-14 14:56:44] EDIT iLife/controllers/default.py: 7
[2015-11-14 14:57:00] EDIT iLife/controllers/default.py: 0
[2015-11-14 14:59:20] EDIT iLife/views/default/index.html: 4
[2015-11-14 14:59:26] EDIT iLife/views/default/index.html: 1
[2015-11-14 15:00:56] EDIT iLife/views/default/index.html: -3
[2015-11-14 15:03:24] EDIT iLife/controllers/default.py: 5
[2015-11-14 15:04:48] EDIT iLife/controllers/default.py: 0
[2015-11-14 15:06:18] EDIT iLife/views/default/monthSelect.html: 7
[2015-11-14 15:06:41] EDIT iLife/controllers/default.py: 1
[2015-11-14 15:06:48] EDIT iLife/views/default/monthSelect.html: 0
[2015-11-14 15:11:13] EDIT iLife/controllers/default.py: 1
[2015-11-14 15:14:37] EDIT iLife/views/default/monthSelect.html: 35
[2015-11-14 15:15:33] EDIT iLife/views/default/monthSelect.html: 0
[2015-11-14 15:16:30] EDIT iLife/views/default/monthSelect.html: -10
[2015-11-14 15:17:14] EDIT iLife/controllers/default.py: 0
[2015-11-14 15:19:37] EDIT iLife/controllers/default.py: 0
[2015-11-14 15:20:32] EDIT iLife/views/default/monthSelect.html: -25
[2015-11-14 15:21:39] EDIT iLife/controllers/default.py: 0
[2015-11-14 15:31:09] EDIT iLife/controllers/default.py: 0
[2015-11-14 15:33:05] EDIT iLife/views/default/monthSelect.html: 0
[2015-11-14 15:38:58] EDIT iLife/views/default/monthSelect.html: 0
[2015-11-14 15:40:11] EDIT iLife/views/default/monthSelect.html: 0
[2015-11-14 15:40:41] EDIT iLife/views/default/monthSelect.html: 0
[2015-11-15 10:03:57] EDIT iLife/models/iLife.py: 0
[2015-11-15 10:21:54] EDIT iLife/models/iLife.py: 0
[2015-11-15 10:22:31] EDIT iLife/models/iLife.py: 0
[2015-11-15 10:46:37] EDIT iLife/controllers/default.py: 1
[2015-11-15 10:47:09] EDIT iLife/controllers/default.py: 0
[2015-11-15 10:50:34] EDIT iLife/controllers/default.py: 0
[2015-11-15 10:50:47] EDIT iLife/controllers/default.py: 0
[2015-11-15 10:51:42] EDIT iLife/controllers/default.py: 1
[2015-11-15 10:52:18] EDIT iLife/controllers/default.py: 0
[2015-11-15 10:53:00] CREATE default/share_journals.html: 0
[2015-11-15 10:53:43] EDIT iLife/views/default/share_journals.html: 3
[2015-11-15 11:06:46] EDIT iLife/controllers/default.py: 1
[2015-11-15 11:07:06] EDIT iLife/views/default/share_journals.html: 1
[2015-11-15 11:07:53] EDIT iLife/controllers/default.py: 0
[2015-11-15 11:32:25] EDIT iLife/views/default/share_journals.html: 7
[2015-11-15 11:33:45] EDIT iLife/views/default/share_journals.html: 0
[2015-11-15 11:34:29] EDIT iLife/views/default/share_journals.html: 1
[2015-11-15 11:40:26] EDIT iLife/views/default/share_journals.html: 0
[2015-11-15 11:40:57] EDIT iLife/views/default/share_journals.html: 3
[2015-11-15 11:44:59] EDIT iLife/views/default/share_journals.html: 8
[2015-11-15 11:45:55] EDIT iLife/static/css/main.css: 7
[2015-11-15 11:46:05] EDIT iLife/views/default/share_journals.html: 0
[2015-11-15 11:46:54] EDIT iLife/views/default/share_journals.html: 1
[2015-11-15 11:51:24] EDIT iLife/views/default/share_journals.html: 2
[2015-11-15 11:51:49] EDIT iLife/views/default/share_journals.html: 1
[2015-11-15 11:52:00] EDIT iLife/views/default/share_journals.html: 0
[2015-11-15 11:52:20] EDIT iLife/views/default/share_journals.html: 0
[2015-11-15 11:52:29] EDIT iLife/views/default/share_journals.html: 0
[2015-11-15 11:53:48] EDIT iLife/views/default/share_journals.html: 0
[2015-11-15 11:53:58] EDIT iLife/views/default/share_journals.html: 0
[2015-11-15 11:54:14] EDIT iLife/views/default/share_journals.html: 1
[2015-11-15 11:54:30] EDIT iLife/views/default/share_journals.html: 0
[2015-11-15 14:53:41] EDIT iLife/views/default/share_journals.html: 1
[2015-11-15 14:57:57] CREATE js/myJS.js: 0
[2015-11-15 15:08:12] EDIT iLife/views/default/share_journals.html: 0
[2015-11-15 15:08:43] EDIT iLife/views/default/share_journals.html: 0
[2015-11-15 15:12:30] EDIT iLife/static/js/myJS.js: 7
[2015-11-15 15:12:46] EDIT iLife/static/js/myJS.js: 1
[2015-11-15 15:12:59] EDIT iLife/static/js/myJS.js: 0
[2015-11-15 15:13:25] EDIT iLife/static/js/myJS.js: 0
[2015-11-15 15:14:25] EDIT iLife/views/layout.html: 1
[2015-11-15 15:15:23] EDIT iLife/views/default/share_journals.html: 0
[2015-11-15 15:16:48] EDIT iLife/views/default/share_journals.html: 0
[2015-11-15 15:17:24] EDIT iLife/static/js/myJS.js: 0
[2015-11-15 15:19:49] EDIT iLife/static/js/myJS.js: 0
[2015-11-15 15:20:08] EDIT iLife/views/default/share_journals.html: 0
[2015-11-15 15:20:44] EDIT iLife/views/default/share_journals.html: 0
[2015-11-15 15:21:04] EDIT iLife/views/default/share_journals.html: 0
[2015-11-15 15:21:23] EDIT iLife/static/js/myJS.js: 0
[2015-11-15 15:22:04] EDIT iLife/static/js/myJS.js: 0
[2015-11-15 15:22:28] EDIT iLife/static/js/myJS.js: 0
[2015-11-15 15:23:06] EDIT iLife/static/js/myJS.js: 3
[2015-11-16 15:00:07] EDIT iLife/views/default/share_journals.html: 4
[2015-11-16 15:00:23] EDIT iLife/controllers/default.py: 2
[2015-11-16 15:15:01] EDIT iLife/views/default/share_journals.html: 0
[2015-11-16 15:15:20] EDIT iLife/views/default/share_journals.html: 0
[2015-11-16 15:15:49] EDIT iLife/views/default/share_journals.html: 0
[2015-11-16 15:16:43] EDIT iLife/views/default/share_journals.html: 0
[2015-11-16 15:27:46] EDIT iLife/views/default/share_journals.html: -2
[2015-11-16 15:36:19] EDIT iLife/views/default/share_journals.html: 0
[2015-11-16 15:39:04] EDIT iLife/views/default/share_journals.html: 0
[2015-11-16 15:41:05] EDIT iLife/views/default/share_journals.html: 0
[2015-11-16 15:44:24] EDIT iLife/views/default/share_journals.html: 0
[2015-11-16 15:44:45] EDIT iLife/views/default/share_journals.html: 0
[2015-11-16 15:45:03] EDIT iLife/static/js/myJS.js: 4
[2015-11-16 15:45:08] EDIT iLife/static/js/myJS.js: 0
[2015-11-16 15:45:38] EDIT iLife/views/default/share_journals.html: 0
[2015-11-16 15:46:02] EDIT iLife/static/js/myJS.js: 1
[2015-11-16 15:46:31] EDIT iLife/static/js/myJS.js: -1
[2015-11-16 15:47:52] EDIT iLife/static/js/myJS.js: 0
[2015-11-16 15:48:02] EDIT iLife/controllers/default.py: 0
[2015-11-16 15:48:23] EDIT iLife/controllers/default.py: 0
[2015-11-16 15:52:52] EDIT iLife/static/js/myJS.js: 0
[2015-11-16 15:55:16] EDIT iLife/static/js/myJS.js: 0
[2015-11-16 15:55:50] EDIT iLife/controllers/default.py: 0
[2015-11-16 15:56:08] EDIT iLife/controllers/default.py: 0
[2015-11-16 15:56:57] EDIT iLife/static/js/myJS.js: 3
[2015-11-16 15:57:08] EDIT iLife/static/js/myJS.js: -1
[2015-11-16 15:57:45] EDIT iLife/controllers/default.py: 0
[2015-11-16 15:58:10] EDIT iLife/static/js/myJS.js: 0
[2015-11-16 15:58:56] EDIT iLife/controllers/default.py: 1
[2015-11-16 15:59:27] EDIT iLife/static/js/myJS.js: -3
[2015-11-16 15:59:43] EDIT iLife/static/js/myJS.js: 0
[2015-11-16 17:40:07] EDIT iLife/views/default/share_journals.html: 0
[2015-11-16 17:40:50] EDIT iLife/controllers/default.py: 0
[2015-11-16 17:41:05] EDIT iLife/controllers/default.py: 0
[2015-11-16 17:58:59] EDIT iLife/controllers/default.py: 6
[2015-11-16 17:59:10] EDIT iLife/controllers/default.py: 0
[2015-11-16 18:00:32] EDIT iLife/controllers/default.py: 0
[2015-11-16 18:01:34] EDIT iLife/views/default/share_journals.html: 0
[2015-11-16 18:23:47] EDIT iLife/controllers/default.py: 6
[2015-11-16 18:24:29] EDIT iLife/controllers/default.py: 0
[2015-11-16 18:34:30] EDIT iLife/controllers/default.py: 1
[2015-11-16 18:37:17] EDIT iLife/controllers/default.py: 0
[2015-11-16 18:37:46] EDIT iLife/controllers/default.py: 0
[2015-11-16 18:38:08] EDIT iLife/controllers/default.py: 0
[2015-11-16 18:38:14] EDIT iLife/controllers/default.py: 0
[2015-11-19 20:09:20] EDIT iLife/views/default/index.html: 2
[2015-11-19 20:21:18] EDIT iLife/controllers/default.py: 2
[2015-11-19 20:25:47] EDIT iLife/controllers/default.py: 0
[2015-11-19 20:26:32] EDIT iLife/views/default/index.html: 8
[2015-11-19 20:27:14] EDIT iLife/views/default/index.html: -8
[2015-11-19 20:27:24] EDIT iLife/views/default/index.html: 8
[2015-11-19 20:27:36] EDIT iLife/controllers/default.py: 0
[2015-11-19 20:29:04] EDIT iLife/controllers/default.py: 0
[2015-11-19 20:29:14] EDIT iLife/controllers/default.py: 0
[2015-11-19 20:29:24] EDIT iLife/controllers/default.py: 0
[2015-11-19 20:29:35] EDIT iLife/views/default/index.html: -8
[2015-11-19 20:29:50] EDIT iLife/controllers/default.py: -1
[2015-11-19 20:29:56] EDIT iLife/controllers/default.py: 0
[2015-11-19 20:31:12] EDIT iLife/controllers/default.py: 0
[2015-11-19 20:32:30] EDIT iLife/controllers/default.py: 1
[2015-11-19 20:32:33] EDIT iLife/controllers/default.py: 0
[2015-11-19 20:33:16] EDIT iLife/controllers/default.py: 0
[2015-11-19 20:33:26] EDIT iLife/controllers/default.py: 0
[2015-11-19 20:35:45] EDIT iLife/controllers/default.py: 4
[2015-11-19 20:36:14] EDIT iLife/controllers/default.py: 0
[2015-11-19 20:36:25] EDIT iLife/controllers/default.py: 0
[2015-11-19 20:37:10] EDIT iLife/controllers/default.py: 0
[2015-11-19 20:37:24] EDIT iLife/controllers/default.py: 0
[2015-11-19 20:38:00] EDIT iLife/views/default/index.html: 9
[2015-11-19 20:38:33] EDIT iLife/views/default/index.html: 0
[2015-11-19 20:38:47] EDIT iLife/views/default/index.html: 0
[2015-11-19 20:44:41] EDIT iLife/views/default/index.html: 3
[2015-11-19 20:45:36] EDIT iLife/static/css/main.css: 8
[2015-11-19 20:45:42] EDIT iLife/static/css/main.css: 0
[2015-11-19 20:45:49] EDIT iLife/views/default/index.html: 0
[2015-11-19 20:46:06] EDIT iLife/views/default/index.html: 0
[2015-11-19 20:47:58] EDIT iLife/static/css/main.css: 5
[2015-11-19 20:56:45] EDIT iLife/controllers/default.py: 5
[2015-11-19 20:57:17] EDIT iLife/controllers/default.py: 0
[2015-11-19 20:57:53] EDIT iLife/controllers/default.py: 0
[2015-11-19 21:07:13] EDIT iLife/controllers/default.py: 2
[2015-11-19 21:07:37] EDIT iLife/controllers/default.py: 0
[2015-11-19 21:08:27] EDIT iLife/controllers/default.py: 0
[2015-11-19 21:08:34] EDIT iLife/controllers/default.py: 0
[2015-11-19 21:15:23] EDIT iLife/controllers/default.py: 0
[2015-11-19 21:16:15] EDIT iLife/controllers/default.py: 0
[2015-11-19 21:16:31] EDIT iLife/views/default/index.html: -5
[2015-11-19 21:19:05] EDIT iLife/views/default/index.html: 12
[2015-11-19 21:19:59] EDIT iLife/controllers/default.py: 0
[2015-11-19 21:23:25] EDIT iLife/controllers/default.py: 1
[2015-11-19 21:23:46] EDIT iLife/controllers/default.py: 0
[2015-11-19 21:23:59] EDIT iLife/controllers/default.py: 0
[2015-11-19 21:24:14] EDIT iLife/controllers/default.py: -1
[2015-11-19 21:26:29] UPLOAD /home/manohar/web2py/applications/iLife/static/images/writing.jpg: 117
[2015-11-19 21:28:27] EDIT iLife/static/css/main.css: 1
[2015-11-19 21:32:49] DELETE iLife/static/images/writing.jpg: -117
[2015-11-19 21:33:03] UPLOAD /home/manohar/web2py/applications/iLife/static/images/writing.jpg: 29
[2015-11-19 22:49:28] EDIT iLife/static/css/main.css: -1
[2015-11-19 22:54:25] EDIT iLife/controllers/default.py: 7
[2015-11-19 22:55:09] EDIT iLife/controllers/default.py: 0
[2015-11-19 22:55:13] EDIT iLife/controllers/default.py: 0
[2015-11-19 22:57:14] EDIT iLife/controllers/default.py: -6
[2015-11-19 22:57:55] EDIT iLife/controllers/default.py: 2
[2015-11-19 22:58:04] EDIT iLife/controllers/default.py: 0
[2015-11-19 22:58:16] EDIT iLife/controllers/default.py: 0
[2015-11-19 22:58:28] EDIT iLife/controllers/default.py: 0
[2015-11-19 22:59:00] EDIT iLife/controllers/default.py: 1
[2015-11-19 22:59:49] EDIT iLife/controllers/default.py: 0
[2015-11-19 23:00:04] EDIT iLife/controllers/default.py: 1
[2015-11-20 10:05:42] EDIT iLife/controllers/default.py: 0
[2015-11-20 10:11:54] EDIT iLife/views/default/share_journals.html: -1
[2015-11-20 10:12:05] EDIT iLife/views/default/share_journals.html: -11
[2015-11-20 10:12:25] EDIT iLife/views/default/share_journals.html: -1
[2015-11-21 09:12:13] EDIT iLife/views/default/share_journals.html: 1
[2015-11-21 09:12:32] EDIT iLife/views/default/share_journals.html: -1
[2015-11-21 09:16:23] EDIT iLife/views/default/share_journals.html: 10
[2015-11-21 09:16:48] EDIT iLife/views/default/share_journals.html: 0
[2015-11-21 09:25:10] EDIT iLife/views/default/share_journals.html: 0
[2015-11-21 09:25:34] EDIT iLife/views/default/share_journals.html: 0
[2015-11-21 09:26:34] EDIT iLife/static/js/myJS.js: 5
[2015-11-21 09:32:11] UPLOAD /home/manohar/web2py/applications/iLife/static/css/bootstrap_select.css: 262
[2015-11-21 09:32:44] EDIT iLife/views/layout.html: 1
[2015-11-21 09:32:53] EDIT iLife/views/layout.html: 1
[2015-11-21 09:33:32] UPLOAD /home/manohar/web2py/applications/iLife/static/bootstrap_select.min.css: 6
[2015-11-21 09:34:04] UPLOAD /home/manohar/web2py/applications/iLife/static/css/bootstrap_select.min.css: 6
[2015-11-21 09:35:52] EDIT iLife/views/layout.html: 0
[2015-11-21 09:37:08] EDIT iLife/static/js/myJS.js: -4
[2015-11-21 09:37:39] EDIT iLife/static/js/myJS.js: -1
[2015-11-21 09:41:39] EDIT iLife/views/default/share_journals.html: 4
[2015-11-21 09:47:51] EDIT iLife/views/default/share_journals.html: 1
[2015-11-21 09:48:48] EDIT iLife/static/js/myJS.js: -4
[2015-11-21 09:49:58] EDIT iLife/views/default/share_journals.html: -2
[2015-11-21 09:51:44] EDIT iLife/views/default/share_journals.html: 2
[2015-11-21 09:53:45] UPLOAD /home/manohar/web2py/applications/iLife/static/js/bootstrap_select.js: 1420
[2015-11-21 09:53:59] UPLOAD /home/manohar/web2py/applications/iLife/static/js/bootstrap_select.min.js: 8
[2015-11-21 09:54:56] EDIT iLife/views/layout.html: 2
[2015-11-21 12:13:20] EDIT iLife/views/layout.html: 0
[2015-11-21 12:14:23] EDIT iLife/views/layout.html: 0
[2015-11-21 12:16:43] EDIT iLife/views/layout.html: 1
[2015-11-21 12:19:28] EDIT iLife/views/default/share_journals.html: -5
[2015-11-21 12:20:30] EDIT iLife/views/default/share_journals.html: -9
[2015-11-21 12:20:50] EDIT iLife/views/default/share_journals.html: 0
[2015-11-21 12:41:16] EDIT iLife/views/default/share_journals.html: 7
[2015-11-21 12:41:27] EDIT iLife/views/default/share_journals.html: 0
[2015-11-21 12:41:43] EDIT iLife/views/default/share_journals.html: 0
[2015-11-21 12:43:03] EDIT iLife/views/default/share_journals.html: 0
[2015-11-21 12:44:29] EDIT iLife/views/default/share_journals.html: 0
[2015-11-21 12:44:37] EDIT iLife/views/default/share_journals.html: 1
[2015-11-21 12:45:23] EDIT iLife/views/default/share_journals.html: 0
[2015-11-21 12:46:31] EDIT iLife/views/default/share_journals.html: 0
[2015-11-21 12:47:03] EDIT iLife/views/default/share_journals.html: 0
[2015-11-21 12:47:08] EDIT iLife/views/default/share_journals.html: -8
[2015-11-21 12:50:52] EDIT iLife/views/default/index.html: 4
[2015-11-21 12:51:28] EDIT iLife/views/default/index.html: 1
[2015-11-21 12:51:55] EDIT iLife/views/default/index.html: 0
[2015-11-21 12:52:18] EDIT iLife/views/default/index.html: 0
[2015-11-21 12:53:11] EDIT iLife/views/default/index.html: 0
[2015-11-21 12:53:28] EDIT iLife/views/default/index.html: -2
[2015-11-21 12:53:43] EDIT iLife/views/default/index.html: 2
[2015-11-21 12:54:11] EDIT iLife/views/default/index.html: -3
[2015-11-21 12:54:57] EDIT iLife/static/css/main.css: -1
[2015-11-21 12:56:49] EDIT iLife/views/default/index.html: 1
[2015-11-21 14:42:12] EDIT iLife/views/default/index.html: 10
[2015-11-21 14:42:50] EDIT iLife/views/default/index.html: -9
[2015-11-21 14:43:23] EDIT iLife/views/default/index.html: 1
[2015-11-21 14:50:59] EDIT iLife/views/default/index.html: 0
[2015-11-21 14:52:10] EDIT iLife/views/default/index.html: 0
[2015-11-21 14:54:11] EDIT iLife/views/default/index.html: 2
[2015-11-21 14:54:37] EDIT iLife/views/default/index.html: 0
[2015-11-21 15:32:11] EDIT iLife/views/default/monthSelect.html: 5
[2015-11-21 15:32:23] EDIT iLife/views/default/monthSelect.html: 0
[2015-11-21 15:43:12] EDIT iLife/views/default/monthSelect.html: -1
[2015-11-21 15:43:31] EDIT iLife/views/default/monthSelect.html: 0
[2015-11-21 15:43:43] EDIT iLife/views/default/monthSelect.html: 0
[2015-11-21 15:50:59] EDIT iLife/static/css/main.css: -1
[2015-11-21 15:52:19] EDIT iLife/static/css/main.css: 1
[2015-11-21 15:58:49] EDIT iLife/static/css/main.css: 0
[2015-11-21 15:59:29] EDIT iLife/static/css/main.css: 1
[2015-11-21 16:00:47] EDIT iLife/static/css/main.css: 0
[2015-11-21 16:01:47] EDIT iLife/static/css/main.css: 0
[2015-11-21 16:02:16] EDIT iLife/static/css/main.css: 0
[2015-11-21 16:02:46] EDIT iLife/static/css/main.css: 0
[2015-11-21 16:07:17] EDIT iLife/views/default/monthSelect.html: -3
[2015-11-21 16:36:00] EDIT iLife/views/default/getDetails.html: 4
[2015-11-21 16:36:17] EDIT iLife/views/default/getDetails.html: -1
[2015-11-21 16:37:41] EDIT iLife/views/default/getDetails.html: 1
[2015-11-21 16:38:28] EDIT iLife/views/default/getDetails.html: 0
[2015-11-21 16:42:05] EDIT iLife/views/default/getDetails.html: 0
[2015-11-21 16:42:41] EDIT iLife/views/default/getDetails.html: 0
[2015-11-21 16:43:33] EDIT iLife/views/default/getDetails.html: 1
[2015-11-21 16:43:44] EDIT iLife/views/default/getDetails.html: 0
[2015-11-21 16:44:12] EDIT iLife/views/default/getDetails.html: 0
[2015-11-21 16:44:29] EDIT iLife/views/default/getDetails.html: 3
[2015-11-21 16:44:39] EDIT iLife/views/default/getDetails.html: -1
[2015-11-21 16:45:17] EDIT iLife/views/default/getDetails.html: 0
[2015-11-21 16:46:10] EDIT iLife/views/default/getDetails.html: 1
[2015-11-21 16:46:20] EDIT iLife/views/default/getDetails.html: 0
[2015-11-21 16:47:02] EDIT iLife/views/default/getDetails.html: 0
[2015-11-21 16:47:34] EDIT iLife/views/default/getDetails.html: 0
[2015-11-21 16:47:47] EDIT iLife/views/default/getDetails.html: 0
[2015-11-21 16:48:01] EDIT iLife/views/default/getDetails.html: 0
[2015-11-21 16:48:21] EDIT iLife/views/default/getDetails.html: 1
[2015-11-21 16:48:53] EDIT iLife/views/default/getDetails.html: 2
[2015-11-21 16:49:22] EDIT iLife/views/default/getDetails.html: 0
[2015-11-21 16:49:42] EDIT iLife/views/default/getDetails.html: 1
[2015-11-21 16:50:57] EDIT iLife/views/default/getDetails.html: 1
[2015-11-21 16:51:06] EDIT iLife/views/default/getDetails.html: -1
[2015-11-21 16:55:56] EDIT iLife/views/default/getDetails.html: 0
[2015-11-21 17:06:10] EDIT iLife/views/default/displayJournal.html: 6
[2015-11-21 17:08:03] EDIT iLife/views/default/displayJournal.html: -1
[2015-11-21 17:10:53] EDIT iLife/controllers/default.py: 1
[2015-11-21 17:10:59] EDIT iLife/controllers/default.py: 0
[2015-11-21 17:11:17] EDIT iLife/controllers/default.py: 0
[2015-11-21 17:11:43] EDIT iLife/views/default/getDetails.html: 5
[2015-11-21 17:14:20] EDIT iLife/views/default/share_journals.html: 5
[2015-11-21 17:15:27] EDIT iLife/views/default/share_journals.html: 0
[2015-11-21 17:16:04] EDIT iLife/views/default/share_journals.html: 0
[2015-11-21 17:16:20] EDIT iLife/views/default/share_journals.html: 0
[2015-11-21 17:16:40] EDIT iLife/views/default/share_journals.html: 1
[2015-11-21 17:17:43] EDIT iLife/views/default/share_journals.html: -5
[2015-11-21 17:18:29] EDIT iLife/views/default/share_journals.html: 0
[2015-11-21 17:19:20] EDIT iLife/views/default/share_journals.html: 1
[2015-11-21 17:20:58] EDIT iLife/views/default/share_journals.html: 2
[2015-11-21 17:22:03] EDIT iLife/views/default/share_journals.html: 0
[2015-11-21 17:22:16] EDIT iLife/views/default/share_journals.html: 0
[2015-11-21 17:22:35] EDIT iLife/views/default/share_journals.html: 0
[2015-11-21 17:23:42] EDIT iLife/views/default/share_journals.html: 5
[2015-11-21 17:24:16] EDIT iLife/views/default/share_journals.html: 0
[2015-11-21 17:25:14] EDIT iLife/static/css/main.css: 7
[2015-11-21 17:25:30] EDIT iLife/views/default/share_journals.html: 0
[2015-11-21 17:25:59] EDIT iLife/views/default/share_journals.html: -3
[2015-11-21 17:26:11] EDIT iLife/views/default/share_journals.html: 1
[2015-11-21 17:28:02] EDIT iLife/views/default/share_journals.html: 0
[2015-11-21 17:47:31] EDIT iLife/views/default/share_journals.html: 2
[2015-11-21 17:48:58] EDIT iLife/static/css/main.css: 0
[2015-11-21 17:53:40] EDIT iLife/views/default/share_journals.html: 0
